SF:lib/src/features/movies/domain/entities/movie.dart
DA:37,6
DA:66,2
DA:67,2
DA:68,2
DA:69,2
DA:70,2
DA:71,2
DA:72,2
DA:73,2
DA:74,2
DA:75,2
DA:76,2
DA:77,2
DA:78,2
DA:79,2
DA:80,2
DA:81,2
DA:82,2
DA:83,2
DA:84,2
DA:85,2
DA:86,2
DA:87,2
DA:88,2
DA:89,2
DA:90,2
DA:91,2
DA:92,2
DA:93,2
LF:29
LH:29
end_of_record
SF:lib/src/models/movie_model.dart
DA:55,5
DA:84,2
DA:85,2
DA:87,2
DA:89,2
DA:90,2
DA:91,2
DA:92,2
DA:93,2
DA:94,2
DA:95,2
DA:96,2
DA:97,2
DA:98,2
DA:99,2
DA:100,2
DA:101,2
DA:102,2
DA:103,2
DA:104,2
DA:105,2
DA:106,2
DA:107,6
DA:108,2
DA:109,2
DA:110,2
DA:111,0
DA:112,0
DA:113,2
DA:114,0
DA:115,0
DA:116,2
DA:117,2
DA:118,2
DA:119,0
DA:120,0
DA:121,2
DA:122,2
DA:126,2
DA:127,2
DA:128,2
DA:129,2
DA:130,2
DA:131,2
DA:132,2
DA:133,2
DA:134,2
DA:135,2
DA:136,2
DA:137,2
DA:138,2
DA:139,2
DA:140,2
DA:141,2
DA:142,2
DA:143,2
DA:144,2
DA:145,2
DA:146,2
DA:147,2
DA:148,2
DA:149,2
DA:150,2
DA:151,2
DA:152,2
DA:153,2
LF:66
LH:60
end_of_record
SF:lib/src/models/movie_model.g.dart
DA:9,4
DA:10,2
DA:11,2
DA:12,2
DA:14,8
DA:15,2
DA:16,2
DA:17,2
DA:18,4
DA:19,2
DA:20,2
DA:21,2
DA:22,2
DA:23,4
DA:24,2
DA:25,2
DA:27,1
DA:28,1
DA:29,2
DA:30,2
DA:31,3
DA:32,1
DA:33,2
DA:34,2
DA:35,2
DA:36,1
DA:37,2
DA:38,1
DA:39,2
DA:40,1
DA:41,2
DA:42,1
DA:43,2
DA:44,2
DA:45,2
DA:46,3
DA:47,1
DA:48,2
DA:49,2
DA:52,1
DA:53,1
DA:54,1
DA:55,1
DA:56,1
DA:57,1
DA:58,1
DA:59,1
DA:60,1
DA:61,1
DA:62,1
DA:63,1
DA:64,1
DA:65,1
DA:66,1
DA:67,1
DA:68,1
DA:69,1
DA:70,1
DA:71,1
DA:72,1
DA:73,1
DA:74,1
DA:75,1
DA:76,1
DA:77,1
DA:78,1
DA:79,1
LF:67
LH:67
end_of_record
SF:lib/src/features/movies/domain/entities/belongs_to_collection.dart
DA:9,0
DA:16,0
DA:17,0
DA:18,0
DA:19,0
DA:20,0
DA:21,0
LF:7
LH:0
end_of_record
SF:lib/src/features/movies/domain/entities/genre.dart
DA:7,3
DA:12,1
DA:13,1
DA:14,1
DA:15,1
LF:5
LH:5
end_of_record
SF:lib/src/features/movies/domain/entities/production_company.dart
DA:9,0
DA:16,0
DA:17,0
DA:18,0
DA:19,0
DA:20,0
DA:21,0
LF:7
LH:0
end_of_record
SF:lib/src/features/movies/domain/entities/production_country.dart
DA:7,0
DA:12,0
DA:13,0
DA:14,0
DA:15,0
LF:5
LH:0
end_of_record
SF:lib/src/features/movies/domain/entities/spoken_language.dart
DA:8,0
DA:14,0
DA:15,0
DA:16,0
DA:17,0
DA:18,0
LF:6
LH:0
end_of_record
SF:lib/src/models/belongs_to_collection_model.dart
DA:17,1
DA:24,1
DA:25,1
DA:27,0
DA:29,0
DA:30,0
DA:31,0
DA:32,0
DA:33,0
DA:34,0
DA:38,1
DA:39,1
DA:40,1
DA:41,1
DA:42,1
DA:43,1
LF:16
LH:9
end_of_record
SF:lib/src/models/belongs_to_collection_model.g.dart
DA:9,1
DA:11,1
DA:12,1
DA:13,1
DA:14,1
DA:15,1
DA:18,0
DA:20,0
DA:21,0
DA:22,0
DA:23,0
DA:24,0
LF:12
LH:6
end_of_record
SF:lib/src/models/genre_model.dart
DA:13,2
DA:18,1
DA:19,1
DA:21,0
DA:23,1
DA:24,1
DA:25,1
DA:26,1
DA:30,1
DA:31,1
DA:32,1
DA:33,1
LF:12
LH:11
end_of_record
SF:lib/src/models/genre_model.g.dart
DA:9,2
DA:10,1
DA:11,1
DA:14,0
DA:15,0
DA:16,0
DA:17,0
LF:7
LH:3
end_of_record
SF:lib/src/models/production_company_model.dart
DA:15,1
DA:22,1
DA:23,1
DA:25,0
DA:27,0
DA:28,0
DA:29,0
DA:30,0
DA:31,0
DA:32,0
DA:36,1
DA:37,1
DA:38,1
DA:39,1
DA:40,1
DA:41,1
LF:16
LH:9
end_of_record
SF:lib/src/models/production_company_model.g.dart
DA:9,1
DA:11,1
DA:12,1
DA:13,1
DA:14,1
DA:15,1
DA:18,0
DA:20,0
DA:21,0
DA:22,0
DA:23,0
DA:24,0
LF:12
LH:6
end_of_record
SF:lib/src/models/production_country_model.dart
DA:13,1
DA:18,1
DA:19,1
DA:21,0
DA:23,0
DA:24,0
DA:25,0
DA:26,0
DA:30,1
DA:31,1
DA:32,1
DA:33,1
LF:12
LH:7
end_of_record
SF:lib/src/models/production_country_model.g.dart
DA:9,1
DA:11,1
DA:12,1
DA:13,1
DA:16,0
DA:18,0
DA:19,0
DA:20,0
LF:8
LH:4
end_of_record
SF:lib/src/models/spoken_language_model.dart
DA:14,1
DA:20,1
DA:21,1
DA:23,0
DA:25,0
DA:26,0
DA:27,0
DA:28,0
DA:29,0
DA:33,1
DA:34,1
DA:35,1
DA:36,1
DA:37,1
LF:14
LH:8
end_of_record
SF:lib/src/models/spoken_language_model.g.dart
DA:9,1
DA:10,1
DA:11,1
DA:12,1
DA:13,1
DA:16,0
DA:18,0
DA:19,0
DA:20,0
DA:21,0
LF:10
LH:5
end_of_record
SF:lib/src/models/movie_response.dart
DA:17,3
DA:24,2
DA:25,2
DA:27,2
DA:28,1
DA:29,5
DA:30,1
DA:31,1
DA:34,1
DA:35,1
DA:36,1
DA:37,1
DA:38,1
DA:39,1
LF:14
LH:14
end_of_record
SF:lib/src/models/movie_response.g.dart
DA:9,2
DA:10,2
DA:11,2
DA:12,2
DA:13,6
DA:14,2
DA:15,2
DA:16,2
DA:19,0
DA:20,0
DA:21,0
DA:22,0
DA:23,0
DA:24,0
LF:14
LH:8
end_of_record
SF:lib/src/features/movies/data/repositories/movie_repository_impl.dart
DA:12,1
DA:14,1
DA:17,2
DA:18,5
DA:20,1
DA:24,1
DA:27,2
DA:28,5
DA:30,1
DA:34,1
DA:37,2
DA:38,2
DA:40,1
LF:13
LH:13
end_of_record
SF:lib/src/network/network_exceptions.dart
DA:44,1
DA:45,1
DA:48,1
DA:49,1
DA:50,1
DA:53,1
DA:56,1
DA:60,1
DA:63,1
DA:64,0
DA:65,0
DA:69,0
DA:74,0
DA:78,0
DA:82,0
DA:85,0
DA:88,0
DA:92,0
DA:97,0
DA:98,0
DA:99,0
DA:103,1
DA:106,1
DA:109,1
DA:113,0
DA:119,0
DA:126,2
DA:136,0
DA:139,0
DA:141,0
DA:143,0
DA:145,0
DA:147,0
DA:149,0
DA:151,0
DA:153,0
DA:155,0
DA:157,0
DA:159,0
DA:161,0
DA:163,0
DA:165,0
DA:167,0
DA:169,0
DA:171,0
LF:45
LH:13
end_of_record
SF:lib/src/features/movies/domain/usecases/get_detail_movie.dart
DA:8,1
DA:10,1
DA:11,2
LF:3
LH:3
end_of_record
SF:lib/src/features/movies/data/services/movie_service_impl.dart
DA:12,1
DA:14,1
DA:17,2
DA:19,1
DA:24,3
DA:26,1
DA:30,1
DA:33,2
DA:35,1
DA:40,3
DA:42,1
DA:46,1
DA:49,2
DA:50,1
DA:51,1
DA:55,2
DA:57,1
LF:17
LH:17
end_of_record
SF:lib/src/features/movies/domain/usecases/get_now_playing_movies.dart
DA:8,1
DA:10,1
DA:11,2
LF:3
LH:3
end_of_record
SF:lib/src/features/movies/domain/usecases/get_popular_movies.dart
DA:8,1
DA:10,1
DA:11,2
LF:3
LH:3
end_of_record
